0x1000	COPY	START	1000		
0x1000	FIRST	STL	RETADR	141033
0x1003	CLOOP	JSUB	RDREC	482039
0x1006		LDA	LENGTH	001036
0x1009		COMP	ZERO	281030
0x100C		JEQ	ENDFIL	301015
0x100F		JSUB	WRREC	482061
0x1012		J	CLOOP	3C1003
0x1015	ENDFIL	LDA	EOF	00102A
0x1018		STA	BUFFER	0C1039
0x101B		LDA	THREE	00102D
0x101E		STA	LENGTH	0C1036
0x1021		JSUB	WRREC	482061
0x1024		LDL	RETADR	081033
0x1027		RSUB		4C0000
0x102A	EOF	BYTE	C'EOF'	454F46
0x102D	THREE	WORD	3	000003
0x1030	ZERO	WORD	0	000000
0x1033	RETADR	RESW	1		
0x1036	LENGTH	RESW	1		
0x1039	BUFFER	RESB	4096		
0x2039	RDREC	LDX	ZERO	041030
0x203C		LDA	ZERO	001030
0x203F	RLOOP	TD	INPUT	E0205D
0x2042		JEQ	RLOOP	30203F
0x2045		RD	INPUT	D8205D
0x2048		COMP	ZERO	281030
0x204B		JEQ	EXIT	302057
0x204E		STCH	BUFFER,X	549039
0x2051		TIX	MAXLEN	2C205E
0x2054		JLT	RLOOP	38203F
0x2057	EXIT	STX	LENGTH	101036
0x205A		RSUB		4C0000
0x205D	INPUT	BYTE	X'F1'	F1
0x205E	MAXLEN	WORD	4096	001000
0x2061	WRREC	LDX	ZERO	041030
0x2064	WLOOP	TD	OUTPUT	E02079
0x2067		JEQ	WLOOP	302064
0x206A		LDCH	BUFFER,X	509039
0x206D		WD	OUTPUT	DC2079
0x2070		TIX	LENGTH	2C1036
0x2073		JLT	WLOOP	382064
0x2076		RSUB		4C0000
0x2079	OUTPUT	BYTE	X'50'	50
0x207A		LDA	=C'EOF'	002086
0x207D		RSUB		4C0000
0x2080		LDA	=X'05'	002089
0x2083		RSUB		4C0000
0x2086		LTORG		
0x2086	*	=C'EOF'		454F46
0x2089	*	=X'05'		05
0x208A		LDA	=C'OFE'	00208D
0x208D		END	FIRST	
0x208D	*	=C'OFE'		4F4645